<?xml version="1.0" encoding="utf-8"?><testsuites name="pytest tests"><testsuite name="pytest" errors="0" failures="0" skipped="1" tests="8" time="1.261" timestamp="2026-08-04T06:14:26.932889+00:00" hostname="agent-env-37c816b0-c274-418b-ada3-d69728a27ad8"><testcase classname="tests.backend_test.TestContact" name="test_create_contact_and_verify_persistence" time="0.439" /><testcase classname="tests.backend_test.TestApiRoot" name="test_root" time="0.191" /><testcase classname="tests.backend_test.TestContact" name="test_missing_required_fields_returns_422[payload0-name]" time="0.045" /><testcase classname="tests.backend_test.TestContact" name="test_missing_required_fields_returns_422[payload1-email]" time="0.043" /><testcase classname="tests.backend_test.TestContact" name="test_missing_required_fields_returns_422[payload2-message]" time="0.044" /><testcase classname="tests.backend_test.TestContact" name="test_invalid_email_returns_422" time="0.062" /><testcase classname="tests.backend_test.TestContact" name="test_overlong_message_returns_422" time="0.042" /><testcase classname="tests.backend_test.TestContact" name="test_whitespace_only_required_fields_rejected" time="0.112"><skipped type="pytest.xfail" message="Required text fields should reject whitespace-only input" /></testcase></testsuite></testsuites>